<?xml version="1.0" encoding="UTF-8"?>
<testsuite xmlns:xsi="http://www.w3.org/2001/XMLSchema-instance" xsi:noNamespaceSchemaLocation="https://maven.apache.org/surefire/maven-surefire-plugin/xsd/surefire-test-report-3.0.xsd" version="3.0" name="Runner.TestRunner" time="7.958" tests="2" errors="0" skipped="0" failures="0">
  <properties>
[...]
</properties>
  <testcase name="Add a new pet" classname="Adding a new pet to the store" time="6.173">
    <system-out><![CDATA[Respone code is: 200
Getting id based on POST respone
Pet Id is :1000
]]></system-out>
  </testcase>
  <testcase name="Delete a pet by Pet Id" classname="Adding a new pet to the store" time="1.167">
    <system-out><![CDATA[Now getting id from post response and adding here as pathParam in DELETE API
Respone code is: 200
]]></system-out>
  </testcase>
</testsuite>